0 info it worked if it ends with ok
1 verbose cli [ '/Users/Me/.nvm/versions/node/v6.9.1/bin/node',
1 verbose cli   '/Users/Me/.nvm/versions/node/v6.9.1/bin/npm',
1 verbose cli   'run',
1 verbose cli   'run' ]
2 info using npm@3.10.8
3 info using node@v6.9.1
4 verbose run-script [ 'prerun', 'run', 'postrun' ]
5 info lifecycle boutique_es6@1.0.0~prerun: boutique_es6@1.0.0
6 silly lifecycle boutique_es6@1.0.0~prerun: no script for prerun, continuing
7 info lifecycle boutique_es6@1.0.0~run: boutique_es6@1.0.0
8 verbose lifecycle boutique_es6@1.0.0~run: unsafe-perm in lifecycle true
9 verbose lifecycle boutique_es6@1.0.0~run: PATH: /Users/Me/.nvm/versions/node/v6.9.1/lib/node_modules/npm/bin/node-gyp-bin:/Users/Me/tmp/boutique_es6/node_modules/.bin:/Users/Me/dev/tools/appengine/google-cloud-sdk/bin:/Users/Me/.nvm/versions/node/v6.9.1/bin:/Users/Me/bin:/Users/Me/dev/tools/appengine/google-cloud-sdk/bin:/Users/Me/bin:/usr/local/bin:/usr/local/sbin:/Users/Me/.composer/vendor/bin:/usr/bin:/bin:/usr/sbin:/sbin:/Users/Me/.pub-cache/bin:/usr/local/Cellar/dart/1.21.0-dev.2.0/bin:/Users/Me/.yarn/bin:/Users/Me/.pub-cache/bin:/usr/local/Cellar/dart/1.21.0-dev.2.0/bin:/Users/Me/.yarn/bin
10 verbose lifecycle boutique_es6@1.0.0~run: CWD: /Users/Me/tmp/boutique_es6
11 silly lifecycle boutique_es6@1.0.0~run: Args: [ '-c',
11 silly lifecycle   './node_modules/bin/babel boutique.es6 --watch -o boutique.js' ]
12 info lifecycle boutique_es6@1.0.0~run: Failed to exec run script
13 verbose stack Error: boutique_es6@1.0.0 run: `./node_modules/bin/babel boutique.es6 --watch -o boutique.js`
13 verbose stack spawn ENOENT
13 verbose stack     at ChildProcess.<anonymous> (/Users/Me/.nvm/versions/node/v6.9.1/lib/node_modules/npm/lib/utils/spawn.js:33:16)
13 verbose stack     at emitTwo (events.js:106:13)
13 verbose stack     at ChildProcess.emit (events.js:191:7)
13 verbose stack     at maybeClose (internal/child_process.js:877:16)
13 verbose stack     at Process.ChildProcess._handle.onexit (internal/child_process.js:226:5)
14 verbose pkgid boutique_es6@1.0.0
15 verbose cwd /Users/Me/tmp/boutique_es6
16 error Darwin 15.6.0
17 error argv "/Users/Me/.nvm/versions/node/v6.9.1/bin/node" "/Users/Me/.nvm/versions/node/v6.9.1/bin/npm" "run" "run"
18 error node v6.9.1
19 error npm  v3.10.8
20 error file sh
21 error code ELIFECYCLE
22 error errno ENOENT
23 error syscall spawn
24 error boutique_es6@1.0.0 run: `./node_modules/bin/babel boutique.es6 --watch -o boutique.js`
24 error spawn ENOENT
25 error Failed at the boutique_es6@1.0.0 run script './node_modules/bin/babel boutique.es6 --watch -o boutique.js'.
25 error Make sure you have the latest version of node.js and npm installed.
25 error If you do, this is most likely a problem with the boutique_es6 package,
25 error not with npm itself.
25 error Tell the author that this fails on your system:
25 error     ./node_modules/bin/babel boutique.es6 --watch -o boutique.js
25 error You can get information on how to open an issue for this project with:
25 error     npm bugs boutique_es6
25 error Or if that isn't available, you can get their info via:
25 error     npm owner ls boutique_es6
25 error There is likely additional logging output above.
26 verbose exit [ 1, true ]
